[16, 32]
Running with hidden_dims=[16, 32], lr = 0.001, epoch_max = 50
Linear(in_features=4, out_features=16, bias=True) ReLU() Linear(in_features=16, out_features=32, bias=True) ReLU() Linear(in_features=32, out_features=3, bias=True)
Epoch 1 | Training snapshot saved at snapshot/snapshot_[16, 32]_0.001_50.pt
Saving best model at Epoch 6, with Validation Accuracy: 0.5666666666666667
Epoch 6 | Training snapshot saved at snapshot/snapshot_[16, 32]_0.001_50.pt
Saving best model at Epoch 7, with Validation Accuracy: 0.6666666666666666
Saving best model at Epoch 8, with Validation Accuracy: 0.7333333333333333
Saving best model at Epoch 11, with Validation Accuracy: 0.7666666666666667
Epoch 11 | Training snapshot saved at snapshot/snapshot_[16, 32]_0.001_50.pt
Saving best model at Epoch 12, with Validation Accuracy: 0.8
Saving best model at Epoch 14, with Validation Accuracy: 0.8333333333333334
Epoch 16 | Training snapshot saved at snapshot/snapshot_[16, 32]_0.001_50.pt
Epoch 21 | Training snapshot saved at snapshot/snapshot_[16, 32]_0.001_50.pt
Epoch 26 | Training snapshot saved at snapshot/snapshot_[16, 32]_0.001_50.pt
Saving best model at Epoch 28, with Validation Accuracy: 0.8666666666666667
Saving best model at Epoch 30, with Validation Accuracy: 0.9
Epoch 31 | Training snapshot saved at snapshot/snapshot_[16, 32]_0.001_50.pt
Saving best model at Epoch 35, with Validation Accuracy: 0.9333333333333333
Epoch 36 | Training snapshot saved at snapshot/snapshot_[16, 32]_0.001_50.pt
Epoch 41 | Training snapshot saved at snapshot/snapshot_[16, 32]_0.001_50.pt
Epoch 46 | Training snapshot saved at snapshot/snapshot_[16, 32]_0.001_50.pt
Saving Train Loss Plot at /home/roockey/Desktop/pytorch-DL-class-trainer/Examples/Train_Loss_[16, 32]_0.001_50.png
Saving Validation Accuracy Plot at /home/roockey/Desktop/pytorch-DL-class-trainer/Examples/Val_Acc_[16, 32]_0.001_50.png
Hidden dims: [16, 32], LR: 0.001, Training Epochs: 50, Test Accuracy: 96.67%
Saving Confusion Matrix at /home/roockey/Desktop/pytorch-DL-class-trainer/Examples/Confusion_matrix_[16, 32]_0.001_50.png
